<?xml version="1.0" encoding="UTF-8"?>
<!-- Generated by org.testng.reporters.JUnitReportReporter -->
<testsuite skipped="0" hostname="DESKTOP-0FJT81L" name="com.smu.qa.testcases.LoginPageTest" tests="4" failures="0" timestamp="21 Feb 2019 10:20:10 GMT" time="50.311" errors="0">
  <testcase name="RememberUsernameCheckBox" time="8.687" classname="com.smu.qa.testcases.LoginPageTest"/>
  <testcase name="LoginPageLogo" time="8.657" classname="com.smu.qa.testcases.LoginPageTest"/>
  <testcase name="LoginPageTitleTest" time="8.246" classname="com.smu.qa.testcases.LoginPageTest"/>
  <testcase name="userlogin" time="24.721" classname="com.smu.qa.testcases.LoginPageTest"/>
</testsuite> <!-- com.smu.qa.testcases.LoginPageTest -->
