<?xml version="1.0" encoding="UTF-8"?>
<!-- Generated by org.testng.reporters.JUnitReportReporter -->
<testsuite skipped="0" hostname="DESKTOP-0FJT81L" name="com.smu.qa.testcases.LoginTest" tests="1" failures="0" timestamp="20 Feb 2019 14:51:46 GMT" time="27.101" errors="0">
  <testcase name="userlogin" time="27.101" classname="com.smu.qa.testcases.LoginTest"/>
</testsuite> <!-- com.smu.qa.testcases.LoginTest -->
